2023-10-30 13:14:34,606 - DEBUG - This is a debug message
2023-10-30 13:14:40,291 - DEBUG - This is a debug message
2023-10-30 13:20:11,737 - INFO - This is an info message
2023-10-30 14:02:58,203 - INFO - Telemetry Ninja was started.
2023-10-30 14:02:58,413 - ERROR - Error connecting to iRacing Simulator: 'NoneType' object has no attribute 'num_vars'
2023-10-30 14:07:43,862 - INFO - Telemetry Ninja was started.
2023-10-30 14:07:44,293 - DEBUG - Successfully connected to iRacing Simulator.
2023-10-30 14:17:37,457 - INFO - Telemetry Ninja was started.
2023-10-30 14:17:38,006 - DEBUG - Successfully connected to iRacing Simulator.
2023-10-30 14:18:34,805 - INFO - Telemetry Ninja was started.
2023-10-30 14:18:35,222 - DEBUG - Successfully connected to iRacing Simulator.
2023-10-30 14:22:25,460 - INFO - Telemetry Ninja was started.
2023-10-30 14:22:25,906 - DEBUG - Successfully connected to iRacing Simulator.
2023-10-30 14:26:34,015 - INFO - Telemetry Ninja was started.
2023-10-30 14:26:34,418 - DEBUG - Successfully connected to iRacing Simulator.
2023-10-30 14:27:00,491 - INFO - Telemetry Ninja was started.
2023-10-30 14:27:01,002 - DEBUG - Successfully connected to iRacing Simulator.
2023-10-30 14:27:15,935 - INFO - Telemetry Ninja was started.
2023-10-30 14:27:16,386 - DEBUG - Successfully connected to iRacing Simulator.
2023-10-30 14:27:34,588 - INFO - Telemetry Ninja was started.
2023-10-30 14:27:34,986 - DEBUG - Successfully connected to iRacing Simulator.
2023-10-30 14:28:21,730 - INFO - Telemetry Ninja was started.
2023-10-30 14:28:22,119 - DEBUG - Successfully connected to iRacing Simulator.
2023-10-30 14:28:36,410 - INFO - Telemetry Ninja was started.
2023-10-30 14:28:36,804 - DEBUG - Successfully connected to iRacing Simulator.
2023-10-30 14:29:56,145 - INFO - Telemetry Ninja was started.
2023-10-30 14:29:56,586 - DEBUG - Successfully connected to iRacing Simulator.
2023-10-30 14:30:20,790 - INFO - Telemetry Ninja was started.
2023-10-30 14:30:21,203 - DEBUG - Successfully connected to iRacing Simulator.
2023-10-30 14:31:29,898 - INFO - Telemetry Ninja was started.
2023-10-30 14:31:30,318 - DEBUG - Successfully connected to iRacing Simulator.
2023-10-30 14:32:13,258 - INFO - Telemetry Ninja was started.
2023-10-30 14:32:13,701 - DEBUG - Successfully connected to iRacing Simulator.
2023-10-30 14:32:37,766 - INFO - Telemetry Ninja was started.
2023-10-30 14:32:38,151 - DEBUG - Successfully connected to iRacing Simulator.
2023-10-30 14:33:06,239 - INFO - Telemetry Ninja was started.
2023-10-30 14:33:06,667 - DEBUG - Successfully connected to iRacing Simulator.
2023-10-30 14:33:55,349 - INFO - Telemetry Ninja was started.
2023-10-30 14:33:55,784 - DEBUG - Successfully connected to iRacing Simulator.
2023-10-30 14:34:18,214 - INFO - Telemetry Ninja was started.
2023-10-30 14:34:18,618 - DEBUG - Successfully connected to iRacing Simulator.
2023-10-30 14:34:35,961 - INFO - Telemetry Ninja was started.
2023-10-30 14:34:36,384 - DEBUG - Successfully connected to iRacing Simulator.
2023-10-30 14:35:26,497 - INFO - Telemetry Ninja was started.
2023-10-30 14:35:26,883 - DEBUG - Successfully connected to iRacing Simulator.
2023-10-30 14:35:26,886 - DEBUG - Car is on track is on track.
2023-10-30 14:37:45,304 - INFO - Telemetry Ninja was started.
2023-10-30 14:37:45,595 - DEBUG - Successfully connected to iRacing Simulator.
2023-10-30 14:38:13,255 - INFO - Telemetry Ninja was started.
2023-10-30 14:38:13,482 - DEBUG - Successfully connected to iRacing Simulator.
2023-10-30 14:38:13,483 - DEBUG - Car is on track is on track.
2023-10-31 10:56:49,255 - INFO - Telemetry Ninja was started.
2023-10-31 10:56:49,676 - DEBUG - Successfully connected to iRacing Simulator.
2023-10-31 15:31:44,884 - INFO - Telemetry Ninja was started.
2023-10-31 15:31:45,514 - DEBUG - Successfully connected to iRacing Simulator.
2023-10-31 15:31:45,525 - INFO - Car is not on track.
2023-10-31 15:33:15,059 - INFO - Telemetry Ninja was started.
2023-10-31 15:33:15,563 - DEBUG - Successfully connected to iRacing Simulator.
2023-10-31 15:33:15,566 - INFO - Car is not on track.
2023-10-31 15:33:36,321 - INFO - Telemetry Ninja was started.
2023-10-31 15:33:36,829 - DEBUG - Successfully connected to iRacing Simulator.
2023-10-31 15:33:36,832 - INFO - Car is not on track.
2023-10-31 15:33:46,710 - INFO - Telemetry Ninja was started.
2023-10-31 15:33:47,213 - DEBUG - Successfully connected to iRacing Simulator.
2023-10-31 15:33:47,215 - INFO - Car is not on track.
2023-10-31 15:36:41,156 - INFO - Telemetry Ninja was started.
2023-10-31 15:36:41,663 - DEBUG - Successfully connected to iRacing Simulator.
2023-10-31 15:36:41,664 - INFO - Car is not on track.
2023-10-31 15:37:06,833 - INFO - Telemetry Ninja was started.
2023-10-31 15:37:07,412 - DEBUG - Successfully connected to iRacing Simulator.
2023-10-31 15:37:07,415 - INFO - Car is not on track.
2023-10-31 15:37:18,475 - INFO - Telemetry Ninja was started.
2023-10-31 15:37:18,963 - DEBUG - Successfully connected to iRacing Simulator.
2023-10-31 15:37:18,965 - INFO - Car is on track is on track.
2023-10-31 15:39:04,835 - INFO - Telemetry Ninja was started.
2023-10-31 15:39:05,396 - DEBUG - Successfully connected to iRacing Simulator.
2023-10-31 15:39:05,399 - INFO - Car is on track is on track.
2023-10-31 15:39:17,977 - INFO - Telemetry Ninja was started.
2023-10-31 15:39:18,478 - DEBUG - Successfully connected to iRacing Simulator.
2023-10-31 15:39:18,480 - INFO - Car is on track is on track.
2023-10-31 15:47:54,524 - INFO - Telemetry Ninja was started.
2023-10-31 15:47:55,060 - DEBUG - Successfully connected to iRacing Simulator.
2023-10-31 15:47:55,062 - INFO - Car is on track is on track.
2023-10-31 15:51:13,435 - INFO - Telemetry Ninja was started.
2023-10-31 15:51:13,943 - DEBUG - Successfully connected to iRacing Simulator.
2023-10-31 15:51:13,945 - INFO - Car is on track is on track.
2023-10-31 15:51:52,212 - INFO - Telemetry Ninja was started.
2023-10-31 15:51:52,709 - DEBUG - Successfully connected to iRacing Simulator.
2023-10-31 15:51:52,711 - INFO - Car is on track is on track.
2023-10-31 15:52:22,829 - INFO - Telemetry Ninja was started.
2023-10-31 15:52:23,342 - DEBUG - Successfully connected to iRacing Simulator.
2023-10-31 15:52:23,346 - INFO - Car is on track is on track.
2023-10-31 15:57:07,254 - INFO - Telemetry Ninja was started.
2023-10-31 15:57:07,858 - DEBUG - Successfully connected to iRacing Simulator.
2023-10-31 15:57:07,861 - INFO - Car is on track is on track.
2023-10-31 15:57:24,346 - INFO - Telemetry Ninja was started.
2023-10-31 15:57:24,841 - DEBUG - Successfully connected to iRacing Simulator.
2023-10-31 15:57:24,843 - INFO - Car is on track is on track.
2023-10-31 15:57:52,584 - INFO - Telemetry Ninja was started.
2023-10-31 15:57:53,092 - DEBUG - Successfully connected to iRacing Simulator.
2023-10-31 15:57:53,095 - INFO - Car is on track is on track.
2023-10-31 15:58:13,390 - INFO - Telemetry Ninja was started.
2023-10-31 15:58:13,892 - DEBUG - Successfully connected to iRacing Simulator.
2023-10-31 15:58:13,895 - INFO - Car is on track is on track.
2023-10-31 16:00:25,605 - INFO - Telemetry Ninja was started.
2023-10-31 16:00:26,140 - DEBUG - Successfully connected to iRacing Simulator.
2023-10-31 16:00:26,143 - INFO - Car is on track is on track.
2023-10-31 16:01:47,416 - INFO - Telemetry Ninja was started.
2023-10-31 16:01:47,908 - DEBUG - Successfully connected to iRacing Simulator.
2023-10-31 16:01:47,911 - INFO - Car is on track is on track.
2023-10-31 16:01:56,648 - INFO - Telemetry Ninja was started.
2023-10-31 16:01:57,157 - DEBUG - Successfully connected to iRacing Simulator.
2023-10-31 16:01:57,159 - INFO - Car is on track is on track.
2023-10-31 16:08:19,610 - INFO - Telemetry Ninja was started.
2023-10-31 16:08:20,106 - DEBUG - Successfully connected to iRacing Simulator.
2023-10-31 16:08:20,109 - INFO - Car is on track is on track.
2023-10-31 16:08:34,002 - INFO - Telemetry Ninja was started.
2023-10-31 16:08:34,505 - DEBUG - Successfully connected to iRacing Simulator.
2023-10-31 16:08:34,507 - INFO - Car is on track is on track.
2023-10-31 16:10:30,965 - INFO - Telemetry Ninja was started.
2023-10-31 16:10:31,571 - DEBUG - Successfully connected to iRacing Simulator.
2023-10-31 16:10:31,573 - INFO - Car is on track is on track.
2023-10-31 16:12:05,974 - INFO - Telemetry Ninja was started.
2023-10-31 16:12:06,488 - DEBUG - Successfully connected to iRacing Simulator.
2023-10-31 16:12:06,490 - INFO - Car is on track is on track.
2023-10-31 16:14:28,295 - INFO - Telemetry Ninja was started.
2023-10-31 16:14:28,787 - DEBUG - Successfully connected to iRacing Simulator.
2023-10-31 16:14:28,792 - INFO - Car is on track is on track.
2023-10-31 16:14:34,299 - INFO - Telemetry Ninja was started.
2023-10-31 16:14:34,786 - DEBUG - Successfully connected to iRacing Simulator.
2023-10-31 16:14:34,792 - INFO - Car is on track is on track.
2023-10-31 16:16:53,408 - INFO - Telemetry Ninja was started.
2023-10-31 16:16:53,919 - DEBUG - Successfully connected to iRacing Simulator.
2023-10-31 16:16:53,924 - INFO - Car is on track is on track.
2023-10-31 16:17:50,375 - INFO - Telemetry Ninja was started.
2023-10-31 16:17:50,852 - DEBUG - Successfully connected to iRacing Simulator.
2023-10-31 16:17:50,858 - INFO - Car is on track.
2023-10-31 16:24:17,837 - INFO - Telemetry Ninja was started.
2023-10-31 16:24:18,384 - DEBUG - Successfully connected to iRacing Simulator.
2023-10-31 16:24:18,390 - INFO - Car is on track.
2023-10-31 16:24:24,098 - INFO - Telemetry Ninja was started.
2023-10-31 16:24:24,585 - DEBUG - Successfully connected to iRacing Simulator.
2023-10-31 16:24:24,594 - INFO - Car is on track.
2023-10-31 16:26:12,022 - INFO - Telemetry Ninja was started.
2023-10-31 16:26:12,517 - DEBUG - Successfully connected to iRacing Simulator.
2023-10-31 16:26:12,524 - INFO - Car is on track.
2023-10-31 16:29:10,500 - INFO - Telemetry Ninja was started.
2023-10-31 16:29:11,000 - DEBUG - Successfully connected to iRacing Simulator.
2023-10-31 16:29:11,006 - INFO - Car is on track.
